# JRE version: OpenJDK Runtime Environment Corretto-17.0.10.7.1 (17.0.10+7) (build 17.0.10+7-LTS)
# Java VM: OpenJDK 64-Bit Server VM Corretto-17.0.10.7.1 (17.0.10+7-LTS, mixed mode, sharing, tiered, compressed oops, compressed class ptrs, g1 gc, windows-amd64)
GC Precious Log:
 CPUs: 16 total, 16 available
 Memory: 16163M
 Large Page Support: Disabled
 NUMA Support: Disabled
 Compressed Oops: Enabled (Zero based)
 Heap Region Size: 2M
 Heap Min Capacity: 8M
 Heap Initial Capacity: 254M
 Heap Max Capacity: 4042M
 Pre-touch: Disabled
 Parallel Workers: 13
 Concurrent Workers: 3
 Concurrent Refinement Workers: 13
 Periodic GC: Disabled
Heap:
 garbage-first heap   total 161792K, used 31094K [0x0000000703600000, 0x0000000800000000)
  region size 2048K, 3 young (6144K), 2 survivors (4096K)
 Metaspace       used 29801K, committed 30208K, reserved 1114112K
  class space    used 3643K, committed 3840K, reserved 1048576K
GC Heap History (16 events):
Event: 0.337 GC heap before
{Heap before GC invocations=0 (full 0):
 garbage-first heap   total 260096K, used 22528K [0x0000000703600000, 0x0000000800000000)
  region size 2048K, 11 young (22528K), 0 survivors (0K)
 Metaspace       used 4953K, committed 5120K, reserved 1114112K
  class space    used 565K, committed 640K, reserved 1048576K
}
Event: 0.339 GC heap after
{Heap after GC invocations=1 (full 0):
 garbage-first heap   total 260096K, used 2773K [0x0000000703600000, 0x0000000800000000)
  region size 2048K, 2 young (4096K), 2 survivors (4096K)
 Metaspace       used 4953K, committed 5120K, reserved 1114112K
  class space    used 565K, committed 640K, reserved 1048576K
}
Event: 1.187 GC heap before
{Heap before GC invocations=1 (full 0):
 garbage-first heap   total 260096K, used 37589K [0x0000000703600000, 0x0000000800000000)
  region size 2048K, 20 young (40960K), 2 survivors (4096K)
 Metaspace       used 15781K, committed 16064K, reserved 1114112K
  class space    used 2036K, committed 2176K, reserved 1048576K
}
Event: 1.191 GC heap after
{Heap after GC invocations=2 (full 0):
 garbage-first heap   total 260096K, used 8857K [0x0000000703600000, 0x0000000800000000)
  region size 2048K, 3 young (6144K), 3 survivors (6144K)
 Metaspace       used 15781K, committed 16064K, reserved 1114112K
  class space    used 2036K, committed 2176K, reserved 1048576K
}
Event: 2.005 GC heap before
{Heap before GC invocations=2 (full 0):
 garbage-first heap   total 260096K, used 35481K [0x0000000703600000, 0x0000000800000000)
  region size 2048K, 16 young (32768K), 3 survivors (6144K)
 Metaspace       used 21273K, committed 21504K, reserved 1114112K
  class space    used 2899K, committed 3008K, reserved 1048576K
}
Event: 2.009 GC heap after
{Heap after GC invocations=3 (full 0):
 garbage-first heap   total 260096K, used 13459K [0x0000000703600000, 0x0000000800000000)
  region size 2048K, 5 young (10240K), 5 survivors (10240K)
 Metaspace       used 21273K, committed 21504K, reserved 1114112K
  class space    used 2899K, committed 3008K, reserved 1048576K
}
Event: 2.326 GC heap before
{Heap before GC invocations=4 (full 0):
 garbage-first heap   total 61440K, used 40083K [0x0000000703600000, 0x0000000800000000)
  region size 2048K, 19 young (38912K), 5 survivors (10240K)
 Metaspace       used 25140K, committed 25536K, reserved 1114112K
  class space    used 3317K, committed 3520K, reserved 1048576K
}
Event: 2.331 GC heap after
{Heap after GC invocations=5 (full 0):
 garbage-first heap   total 61440K, used 16053K [0x0000000703600000, 0x0000000800000000)
  region size 2048K, 3 young (6144K), 3 survivors (6144K)
 Metaspace       used 25140K, committed 25536K, reserved 1114112K
  class space    used 3317K, committed 3520K, reserved 1048576K
}
Event: 2.374 GC heap before
{Heap before GC invocations=5 (full 0):
 garbage-first heap   total 61440K, used 16053K [0x0000000703600000, 0x0000000800000000)
  region size 2048K, 4 young (8192K), 3 survivors (6144K)
 Metaspace       used 25453K, committed 25856K, reserved 1114112K
  class space    used 3361K, committed 3584K, reserved 1048576K
}
Event: 2.376 GC heap after
{Heap after GC invocations=6 (full 0):
 garbage-first heap   total 61440K, used 17329K [0x0000000703600000, 0x0000000800000000)
  region size 2048K, 1 young (2048K), 1 survivors (2048K)
 Metaspace       used 25453K, committed 25856K, reserved 1114112K
  class space    used 3361K, committed 3584K, reserved 1048576K
}
Event: 3.125 GC heap before
{Heap before GC invocations=6 (full 0):
 garbage-first heap   total 61440K, used 39857K [0x0000000703600000, 0x0000000800000000)
  region size 2048K, 13 young (26624K), 1 survivors (2048K)
 Metaspace       used 26891K, committed 27264K, reserved 1114112K
  class space    used 3505K, committed 3648K, reserved 1048576K
}
Event: 3.127 GC heap after
{Heap after GC invocations=7 (full 0):
 garbage-first heap   total 61440K, used 21024K [0x0000000703600000, 0x0000000800000000)
  region size 2048K, 2 young (4096K), 2 survivors (4096K)
 Metaspace       used 26891K, committed 27264K, reserved 1114112K
  class space    used 3505K, committed 3648K, reserved 1048576K
}
Event: 3.249 GC heap before
{Heap before GC invocations=7 (full 0):
 garbage-first heap   total 61440K, used 39456K [0x0000000703600000, 0x0000000800000000)
  region size 2048K, 12 young (24576K), 2 survivors (4096K)
 Metaspace       used 27287K, committed 27648K, reserved 1114112K
  class space    used 3533K, committed 3712K, reserved 1048576K
}
Event: 3.251 GC heap after
{Heap after GC invocations=8 (full 0):
 garbage-first heap   total 61440K, used 28026K [0x0000000703600000, 0x0000000800000000)
  region size 2048K, 2 young (4096K), 2 survivors (4096K)
 Metaspace       used 27287K, committed 27648K, reserved 1114112K
  class space    used 3533K, committed 3712K, reserved 1048576K
}
Event: 5.645 GC heap before
{Heap before GC invocations=8 (full 0):
 garbage-first heap   total 61440K, used 38266K [0x0000000703600000, 0x0000000800000000)
  region size 2048K, 8 young (16384K), 2 survivors (4096K)
 Metaspace       used 28417K, committed 28864K, reserved 1114112K
  class space    used 3568K, committed 3776K, reserved 1048576K
}
Event: 5.647 GC heap after
{Heap after GC invocations=9 (full 0):
 garbage-first heap   total 161792K, used 25249K [0x0000000703600000, 0x0000000800000000)
  region size 2048K, 1 young (2048K), 1 survivors (2048K)
 Metaspace       used 28417K, committed 28864K, reserved 1114112K
  class space    used 3568K, committed 3776K, reserved 1048576K
}

