# JRE version: OpenJDK Runtime Environment Corretto-17.0.10.7.1 (17.0.10+7) (build 17.0.10+7-LTS)
# Java VM: OpenJDK 64-Bit Server VM Corretto-17.0.10.7.1 (17.0.10+7-LTS, mixed mode, sharing, tiered, compressed oops, compressed class ptrs, g1 gc, windows-amd64)
GC Precious Log:
 CPUs: 16 total, 16 available
 Memory: 16163M
 Large Page Support: Disabled
 NUMA Support: Disabled
 Compressed Oops: Enabled (Zero based)
 Heap Region Size: 2M
 Heap Min Capacity: 8M
 Heap Initial Capacity: 254M
 Heap Max Capacity: 4042M
 Pre-touch: Disabled
 Parallel Workers: 13
 Concurrent Workers: 3
 Concurrent Refinement Workers: 13
 Periodic GC: Disabled
Heap:
 garbage-first heap   total 161792K, used 49548K [0x0000000703600000, 0x0000000800000000)
  region size 2048K, 13 young (26624K), 1 survivors (2048K)
 Metaspace       used 29496K, committed 29952K, reserved 1114112K
  class space    used 3740K, committed 3968K, reserved 1048576K
GC Heap History (20 events):
Event: 2.042 GC heap before
{Heap before GC invocations=2 (full 0):
 garbage-first heap   total 260096K, used 35509K [0x0000000703600000, 0x0000000800000000)
  region size 2048K, 16 young (32768K), 3 survivors (6144K)
 Metaspace       used 21235K, committed 21504K, reserved 1114112K
  class space    used 2971K, committed 3136K, reserved 1048576K
}
Event: 2.046 GC heap after
{Heap after GC invocations=3 (full 0):
 garbage-first heap   total 260096K, used 13097K [0x0000000703600000, 0x0000000800000000)
  region size 2048K, 5 young (10240K), 5 survivors (10240K)
 Metaspace       used 21235K, committed 21504K, reserved 1114112K
  class space    used 2971K, committed 3136K, reserved 1048576K
}
Event: 2.414 GC heap before
{Heap before GC invocations=4 (full 0):
 garbage-first heap   total 61440K, used 37673K [0x0000000703600000, 0x0000000800000000)
  region size 2048K, 18 young (36864K), 5 survivors (10240K)
 Metaspace       used 25616K, committed 25984K, reserved 1114112K
  class space    used 3463K, committed 3648K, reserved 1048576K
}
Event: 2.419 GC heap after
{Heap after GC invocations=5 (full 0):
 garbage-first heap   total 61440K, used 18117K [0x0000000703600000, 0x0000000800000000)
  region size 2048K, 3 young (6144K), 3 survivors (6144K)
 Metaspace       used 25616K, committed 25984K, reserved 1114112K
  class space    used 3463K, committed 3648K, reserved 1048576K
}
Event: 2.447 GC heap before
{Heap before GC invocations=5 (full 0):
 garbage-first heap   total 61440K, used 20165K [0x0000000703600000, 0x0000000800000000)
  region size 2048K, 4 young (8192K), 3 survivors (6144K)
 Metaspace       used 25808K, committed 26176K, reserved 1114112K
  class space    used 3474K, committed 3648K, reserved 1048576K
}
Event: 2.449 GC heap after
{Heap after GC invocations=6 (full 0):
 garbage-first heap   total 61440K, used 19312K [0x0000000703600000, 0x0000000800000000)
  region size 2048K, 1 young (2048K), 1 survivors (2048K)
 Metaspace       used 25808K, committed 26176K, reserved 1114112K
  class space    used 3474K, committed 3648K, reserved 1048576K
}
Event: 3.196 GC heap before
{Heap before GC invocations=6 (full 0):
 garbage-first heap   total 61440K, used 37744K [0x0000000703600000, 0x0000000800000000)
  region size 2048K, 11 young (22528K), 1 survivors (2048K)
 Metaspace       used 27157K, committed 27520K, reserved 1114112K
  class space    used 3595K, committed 3776K, reserved 1048576K
}
Event: 3.197 GC heap after
{Heap after GC invocations=7 (full 0):
 garbage-first heap   total 61440K, used 20768K [0x0000000703600000, 0x0000000800000000)
  region size 2048K, 2 young (4096K), 2 survivors (4096K)
 Metaspace       used 27157K, committed 27520K, reserved 1114112K
  class space    used 3595K, committed 3776K, reserved 1048576K
}
Event: 3.397 GC heap before
{Heap before GC invocations=7 (full 0):
 garbage-first heap   total 61440K, used 39200K [0x0000000703600000, 0x0000000800000000)
  region size 2048K, 12 young (24576K), 2 survivors (4096K)
 Metaspace       used 27721K, committed 28096K, reserved 1114112K
  class space    used 3631K, committed 3776K, reserved 1048576K
}
Event: 3.398 GC heap after
{Heap after GC invocations=8 (full 0):
 garbage-first heap   total 61440K, used 21299K [0x0000000703600000, 0x0000000800000000)
  region size 2048K, 2 young (4096K), 2 survivors (4096K)
 Metaspace       used 27721K, committed 28096K, reserved 1114112K
  class space    used 3631K, committed 3776K, reserved 1048576K
}
Event: 5.079 GC heap before
{Heap before GC invocations=8 (full 0):
 garbage-first heap   total 61440K, used 39731K [0x0000000703600000, 0x0000000800000000)
  region size 2048K, 12 young (24576K), 2 survivors (4096K)
 Metaspace       used 28489K, committed 28800K, reserved 1114112K
  class space    used 3688K, committed 3840K, reserved 1048576K
}
Event: 5.081 GC heap after
{Heap after GC invocations=9 (full 0):
 garbage-first heap   total 61440K, used 23242K [0x0000000703600000, 0x0000000800000000)
  region size 2048K, 2 young (4096K), 2 survivors (4096K)
 Metaspace       used 28489K, committed 28800K, reserved 1114112K
  class space    used 3688K, committed 3840K, reserved 1048576K
}
Event: 5.410 GC heap before
{Heap before GC invocations=9 (full 0):
 garbage-first heap   total 61440K, used 41674K [0x0000000703600000, 0x0000000800000000)
  region size 2048K, 12 young (24576K), 2 survivors (4096K)
 Metaspace       used 28809K, committed 29184K, reserved 1114112K
  class space    used 3718K, committed 3904K, reserved 1048576K
}
Event: 5.411 GC heap after
{Heap after GC invocations=10 (full 0):
 garbage-first heap   total 61440K, used 22304K [0x0000000703600000, 0x0000000800000000)
  region size 2048K, 1 young (2048K), 1 survivors (2048K)
 Metaspace       used 28809K, committed 29184K, reserved 1114112K
  class space    used 3718K, committed 3904K, reserved 1048576K
}
Event: 5.838 GC heap before
{Heap before GC invocations=10 (full 0):
 garbage-first heap   total 61440K, used 36640K [0x0000000703600000, 0x0000000800000000)
  region size 2048K, 8 young (16384K), 1 survivors (2048K)
 Metaspace       used 28971K, committed 29376K, reserved 1114112K
  class space    used 3720K, committed 3904K, reserved 1048576K
}
Event: 5.839 GC heap after
{Heap after GC invocations=11 (full 0):
 garbage-first heap   total 61440K, used 25076K [0x0000000703600000, 0x0000000800000000)
  region size 2048K, 1 young (2048K), 1 survivors (2048K)
 Metaspace       used 28971K, committed 29376K, reserved 1114112K
  class space    used 3720K, committed 3904K, reserved 1048576K
}
Event: 5.843 GC heap before
{Heap before GC invocations=11 (full 0):
 garbage-first heap   total 61440K, used 27124K [0x0000000703600000, 0x0000000800000000)
  region size 2048K, 2 young (4096K), 1 survivors (2048K)
 Metaspace       used 28971K, committed 29376K, reserved 1114112K
  class space    used 3720K, committed 3904K, reserved 1048576K
}
Event: 5.844 GC heap after
{Heap after GC invocations=12 (full 0):
 garbage-first heap   total 61440K, used 23000K [0x0000000703600000, 0x0000000800000000)
  region size 2048K, 1 young (2048K), 1 survivors (2048K)
 Metaspace       used 28971K, committed 29376K, reserved 1114112K
  class space    used 3720K, committed 3904K, reserved 1048576K
}
Event: 5.874 GC heap before
{Heap before GC invocations=12 (full 0):
 garbage-first heap   total 61440K, used 27096K [0x0000000703600000, 0x0000000800000000)
  region size 2048K, 2 young (4096K), 1 survivors (2048K)
 Metaspace       used 28995K, committed 29376K, reserved 1114112K
  class space    used 3720K, committed 3904K, reserved 1048576K
}
Event: 5.875 GC heap after
{Heap after GC invocations=13 (full 0):
 garbage-first heap   total 161792K, used 24972K [0x0000000703600000, 0x0000000800000000)
  region size 2048K, 1 young (2048K), 1 survivors (2048K)
 Metaspace       used 28995K, committed 29376K, reserved 1114112K
  class space    used 3720K, committed 3904K, reserved 1048576K
}

