# JRE version: OpenJDK Runtime Environment Corretto-17.0.10.7.1 (17.0.10+7) (build 17.0.10+7-LTS)
# Java VM: OpenJDK 64-Bit Server VM Corretto-17.0.10.7.1 (17.0.10+7-LTS, mixed mode, sharing, tiered, compressed oops, compressed class ptrs, g1 gc, windows-amd64)
GC Precious Log:
 CPUs: 16 total, 16 available
 Memory: 16163M
 Large Page Support: Disabled
 NUMA Support: Disabled
 Compressed Oops: Enabled (Zero based)
 Heap Region Size: 2M
 Heap Min Capacity: 8M
 Heap Initial Capacity: 254M
 Heap Max Capacity: 4042M
 Pre-touch: Disabled
 Parallel Workers: 13
 Concurrent Workers: 3
 Concurrent Refinement Workers: 13
 Periodic GC: Disabled
Heap:
 garbage-first heap   total 253952K, used 115817K [0x0000000703600000, 0x0000000800000000)
  region size 2048K, 22 young (45056K), 3 survivors (6144K)
 Metaspace       used 31861K, committed 32320K, reserved 1114112K
  class space    used 3820K, committed 4032K, reserved 1048576K
GC Heap History (20 events):
Event: 63.321 GC heap before
{Heap before GC invocations=15 (full 0):
 garbage-first heap   total 161792K, used 144645K [0x0000000703600000, 0x0000000800000000)
  region size 2048K, 38 young (77824K), 3 survivors (6144K)
 Metaspace       used 31470K, committed 31936K, reserved 1114112K
  class space    used 3806K, committed 4032K, reserved 1048576K
}
Event: 63.324 GC heap after
{Heap after GC invocations=16 (full 0):
 garbage-first heap   total 161792K, used 33490K [0x0000000703600000, 0x0000000800000000)
  region size 2048K, 3 young (6144K), 3 survivors (6144K)
 Metaspace       used 31470K, committed 31936K, reserved 1114112K
  class space    used 3806K, committed 4032K, reserved 1048576K
}
Event: 63.545 GC heap before
{Heap before GC invocations=16 (full 0):
 garbage-first heap   total 161792K, used 88786K [0x0000000703600000, 0x0000000800000000)
  region size 2048K, 11 young (22528K), 3 survivors (6144K)
 Metaspace       used 31504K, committed 31936K, reserved 1114112K
  class space    used 3806K, committed 4032K, reserved 1048576K
}
Event: 63.547 GC heap after
{Heap after GC invocations=17 (full 0):
 garbage-first heap   total 161792K, used 33443K [0x0000000703600000, 0x0000000800000000)
  region size 2048K, 3 young (6144K), 3 survivors (6144K)
 Metaspace       used 31504K, committed 31936K, reserved 1114112K
  class space    used 3806K, committed 4032K, reserved 1048576K
}
Event: 64.756 GC heap before
{Heap before GC invocations=17 (full 0):
 garbage-first heap   total 161792K, used 88739K [0x0000000703600000, 0x0000000800000000)
  region size 2048K, 11 young (22528K), 3 survivors (6144K)
 Metaspace       used 31516K, committed 31936K, reserved 1114112K
  class space    used 3806K, committed 4032K, reserved 1048576K
}
Event: 64.758 GC heap after
{Heap after GC invocations=18 (full 0):
 garbage-first heap   total 161792K, used 33278K [0x0000000703600000, 0x0000000800000000)
  region size 2048K, 3 young (6144K), 3 survivors (6144K)
 Metaspace       used 31516K, committed 31936K, reserved 1114112K
  class space    used 3806K, committed 4032K, reserved 1048576K
}
Event: 72.749 GC heap before
{Heap before GC invocations=18 (full 0):
 garbage-first heap   total 161792K, used 92670K [0x0000000703600000, 0x0000000800000000)
  region size 2048K, 13 young (26624K), 3 survivors (6144K)
 Metaspace       used 31621K, committed 32064K, reserved 1114112K
  class space    used 3806K, committed 4032K, reserved 1048576K
}
Event: 72.751 GC heap after
{Heap after GC invocations=19 (full 0):
 garbage-first heap   total 161792K, used 33908K [0x0000000703600000, 0x0000000800000000)
  region size 2048K, 3 young (6144K), 3 survivors (6144K)
 Metaspace       used 31621K, committed 32064K, reserved 1114112K
  class space    used 3806K, committed 4032K, reserved 1048576K
}
Event: 72.902 GC heap before
{Heap before GC invocations=19 (full 0):
 garbage-first heap   total 161792K, used 89204K [0x0000000703600000, 0x0000000800000000)
  region size 2048K, 11 young (22528K), 3 survivors (6144K)
 Metaspace       used 31652K, committed 32064K, reserved 1114112K
  class space    used 3806K, committed 4032K, reserved 1048576K
}
Event: 72.904 GC heap after
{Heap after GC invocations=20 (full 0):
 garbage-first heap   total 161792K, used 33758K [0x0000000703600000, 0x0000000800000000)
  region size 2048K, 3 young (6144K), 3 survivors (6144K)
 Metaspace       used 31652K, committed 32064K, reserved 1114112K
  class space    used 3806K, committed 4032K, reserved 1048576K
}
Event: 73.054 GC heap before
{Heap before GC invocations=20 (full 0):
 garbage-first heap   total 161792K, used 89054K [0x0000000703600000, 0x0000000800000000)
  region size 2048K, 11 young (22528K), 3 survivors (6144K)
 Metaspace       used 31660K, committed 32064K, reserved 1114112K
  class space    used 3806K, committed 4032K, reserved 1048576K
}
Event: 73.056 GC heap after
{Heap after GC invocations=21 (full 0):
 garbage-first heap   total 161792K, used 33684K [0x0000000703600000, 0x0000000800000000)
  region size 2048K, 3 young (6144K), 3 survivors (6144K)
 Metaspace       used 31660K, committed 32064K, reserved 1114112K
  class space    used 3806K, committed 4032K, reserved 1048576K
}
Event: 74.250 GC heap before
{Heap before GC invocations=21 (full 0):
 garbage-first heap   total 161792K, used 88980K [0x0000000703600000, 0x0000000800000000)
  region size 2048K, 11 young (22528K), 3 survivors (6144K)
 Metaspace       used 31700K, committed 32128K, reserved 1114112K
  class space    used 3808K, committed 4032K, reserved 1048576K
}
Event: 74.252 GC heap after
{Heap after GC invocations=22 (full 0):
 garbage-first heap   total 161792K, used 33607K [0x0000000703600000, 0x0000000800000000)
  region size 2048K, 3 young (6144K), 3 survivors (6144K)
 Metaspace       used 31700K, committed 32128K, reserved 1114112K
  class space    used 3808K, committed 4032K, reserved 1048576K
}
Event: 74.402 GC heap before
{Heap before GC invocations=22 (full 0):
 garbage-first heap   total 161792K, used 88903K [0x0000000703600000, 0x0000000800000000)
  region size 2048K, 11 young (22528K), 3 survivors (6144K)
 Metaspace       used 31700K, committed 32128K, reserved 1114112K
  class space    used 3808K, committed 4032K, reserved 1048576K
}
Event: 74.405 GC heap after
{Heap after GC invocations=23 (full 0):
 garbage-first heap   total 161792K, used 34005K [0x0000000703600000, 0x0000000800000000)
  region size 2048K, 3 young (6144K), 3 survivors (6144K)
 Metaspace       used 31700K, committed 32128K, reserved 1114112K
  class space    used 3808K, committed 4032K, reserved 1048576K
}
Event: 74.668 GC heap before
{Heap before GC invocations=23 (full 0):
 garbage-first heap   total 161792K, used 89301K [0x0000000703600000, 0x0000000800000000)
  region size 2048K, 11 young (22528K), 3 survivors (6144K)
 Metaspace       used 31706K, committed 32128K, reserved 1114112K
  class space    used 3808K, committed 4032K, reserved 1048576K
}
Event: 74.671 GC heap after
{Heap after GC invocations=24 (full 0):
 garbage-first heap   total 253952K, used 33768K [0x0000000703600000, 0x0000000800000000)
  region size 2048K, 3 young (6144K), 3 survivors (6144K)
 Metaspace       used 31706K, committed 32128K, reserved 1114112K
  class space    used 3808K, committed 4032K, reserved 1048576K
}
Event: 75.807 GC heap before
{Heap before GC invocations=24 (full 0):
 garbage-first heap   total 253952K, used 146408K [0x0000000703600000, 0x0000000800000000)
  region size 2048K, 19 young (38912K), 3 survivors (6144K)
 Metaspace       used 31707K, committed 32128K, reserved 1114112K
  class space    used 3808K, committed 4032K, reserved 1048576K
}
Event: 75.810 GC heap after
{Heap after GC invocations=25 (full 0):
 garbage-first heap   total 253952K, used 33897K [0x0000000703600000, 0x0000000800000000)
  region size 2048K, 3 young (6144K), 3 survivors (6144K)
 Metaspace       used 31707K, committed 32128K, reserved 1114112K
  class space    used 3808K, committed 4032K, reserved 1048576K
}

