# JRE version: OpenJDK Runtime Environment Corretto-17.0.10.7.1 (17.0.10+7) (build 17.0.10+7-LTS)
# Java VM: OpenJDK 64-Bit Server VM Corretto-17.0.10.7.1 (17.0.10+7-LTS, mixed mode, sharing, tiered, compressed oops, compressed class ptrs, g1 gc, windows-amd64)
GC Precious Log:
 CPUs: 16 total, 16 available
 Memory: 16163M
 Large Page Support: Disabled
 NUMA Support: Disabled
 Compressed Oops: Enabled (Zero based)
 Heap Region Size: 2M
 Heap Min Capacity: 8M
 Heap Initial Capacity: 254M
 Heap Max Capacity: 4042M
 Pre-touch: Disabled
 Parallel Workers: 13
 Concurrent Workers: 3
 Concurrent Refinement Workers: 13
 Periodic GC: Disabled
Heap:
 garbage-first heap   total 161792K, used 116849K [0x0000000703600000, 0x0000000800000000)
  region size 2048K, 34 young (69632K), 1 survivors (2048K)
 Metaspace       used 30879K, committed 31296K, reserved 1114112K
  class space    used 3839K, committed 4032K, reserved 1048576K
GC Heap History (20 events):
Event: 0.365 GC heap before
{Heap before GC invocations=0 (full 0):
 garbage-first heap   total 260096K, used 22528K [0x0000000703600000, 0x0000000800000000)
  region size 2048K, 11 young (22528K), 0 survivors (0K)
 Metaspace       used 4871K, committed 5056K, reserved 1114112K
  class space    used 540K, committed 640K, reserved 1048576K
}
Event: 0.367 GC heap after
{Heap after GC invocations=1 (full 0):
 garbage-first heap   total 260096K, used 2780K [0x0000000703600000, 0x0000000800000000)
  region size 2048K, 2 young (4096K), 2 survivors (4096K)
 Metaspace       used 4871K, committed 5056K, reserved 1114112K
  class space    used 540K, committed 640K, reserved 1048576K
}
Event: 1.247 GC heap before
{Heap before GC invocations=1 (full 0):
 garbage-first heap   total 260096K, used 37596K [0x0000000703600000, 0x0000000800000000)
  region size 2048K, 20 young (40960K), 2 survivors (4096K)
 Metaspace       used 15598K, committed 15872K, reserved 1114112K
  class space    used 2039K, committed 2176K, reserved 1048576K
}
Event: 1.251 GC heap after
{Heap after GC invocations=2 (full 0):
 garbage-first heap   total 260096K, used 8750K [0x0000000703600000, 0x0000000800000000)
  region size 2048K, 3 young (6144K), 3 survivors (6144K)
 Metaspace       used 15598K, committed 15872K, reserved 1114112K
  class space    used 2039K, committed 2176K, reserved 1048576K
}
Event: 2.465 GC heap before
{Heap before GC invocations=2 (full 0):
 garbage-first heap   total 260096K, used 35374K [0x0000000703600000, 0x0000000800000000)
  region size 2048K, 16 young (32768K), 3 survivors (6144K)
 Metaspace       used 21195K, committed 21504K, reserved 1114112K
  class space    used 2964K, committed 3072K, reserved 1048576K
}
Event: 2.469 GC heap after
{Heap after GC invocations=3 (full 0):
 garbage-first heap   total 260096K, used 13031K [0x0000000703600000, 0x0000000800000000)
  region size 2048K, 5 young (10240K), 5 survivors (10240K)
 Metaspace       used 21195K, committed 21504K, reserved 1114112K
  class space    used 2964K, committed 3072K, reserved 1048576K
}
Event: 2.887 GC heap before
{Heap before GC invocations=4 (full 0):
 garbage-first heap   total 61440K, used 39655K [0x0000000703600000, 0x0000000800000000)
  region size 2048K, 18 young (36864K), 5 survivors (10240K)
 Metaspace       used 25308K, committed 25728K, reserved 1114112K
  class space    used 3414K, committed 3584K, reserved 1048576K
}
Event: 2.892 GC heap after
{Heap after GC invocations=5 (full 0):
 garbage-first heap   total 61440K, used 15768K [0x0000000703600000, 0x0000000800000000)
  region size 2048K, 3 young (6144K), 3 survivors (6144K)
 Metaspace       used 25308K, committed 25728K, reserved 1114112K
  class space    used 3414K, committed 3584K, reserved 1048576K
}
Event: 2.905 GC heap before
{Heap before GC invocations=5 (full 0):
 garbage-first heap   total 61440K, used 17816K [0x0000000703600000, 0x0000000800000000)
  region size 2048K, 4 young (8192K), 3 survivors (6144K)
 Metaspace       used 25438K, committed 25792K, reserved 1114112K
  class space    used 3424K, committed 3584K, reserved 1048576K
}
Event: 2.907 GC heap after
{Heap after GC invocations=6 (full 0):
 garbage-first heap   total 61440K, used 16922K [0x0000000703600000, 0x0000000800000000)
  region size 2048K, 1 young (2048K), 1 survivors (2048K)
 Metaspace       used 25438K, committed 25792K, reserved 1114112K
  class space    used 3424K, committed 3584K, reserved 1048576K
}
Event: 3.990 GC heap before
{Heap before GC invocations=6 (full 0):
 garbage-first heap   total 61440K, used 39450K [0x0000000703600000, 0x0000000800000000)
  region size 2048K, 13 young (26624K), 1 survivors (2048K)
 Metaspace       used 27441K, committed 27840K, reserved 1114112K
  class space    used 3624K, committed 3840K, reserved 1048576K
}
Event: 3.992 GC heap after
{Heap after GC invocations=7 (full 0):
 garbage-first heap   total 61440K, used 22115K [0x0000000703600000, 0x0000000800000000)
  region size 2048K, 2 young (4096K), 2 survivors (4096K)
 Metaspace       used 27441K, committed 27840K, reserved 1114112K
  class space    used 3624K, committed 3840K, reserved 1048576K
}
Event: 11.492 GC heap before
{Heap before GC invocations=7 (full 0):
 garbage-first heap   total 61440K, used 40547K [0x0000000703600000, 0x0000000800000000)
  region size 2048K, 12 young (24576K), 2 survivors (4096K)
 Metaspace       used 28722K, committed 29120K, reserved 1114112K
  class space    used 3728K, committed 3968K, reserved 1048576K
}
Event: 11.493 GC heap after
{Heap after GC invocations=8 (full 0):
 garbage-first heap   total 61440K, used 25751K [0x0000000703600000, 0x0000000800000000)
  region size 2048K, 2 young (4096K), 2 survivors (4096K)
 Metaspace       used 28722K, committed 29120K, reserved 1114112K
  class space    used 3728K, committed 3968K, reserved 1048576K
}
Event: 11.948 GC heap before
{Heap before GC invocations=8 (full 0):
 garbage-first heap   total 61440K, used 42135K [0x0000000703600000, 0x0000000800000000)
  region size 2048K, 11 young (22528K), 2 survivors (4096K)
 Metaspace       used 29180K, committed 29632K, reserved 1114112K
  class space    used 3757K, committed 3968K, reserved 1048576K
}
Event: 11.950 GC heap after
{Heap after GC invocations=9 (full 0):
 garbage-first heap   total 61440K, used 23859K [0x0000000703600000, 0x0000000800000000)
  region size 2048K, 1 young (2048K), 1 survivors (2048K)
 Metaspace       used 29180K, committed 29632K, reserved 1114112K
  class space    used 3757K, committed 3968K, reserved 1048576K
}
Event: 12.003 GC heap before
{Heap before GC invocations=9 (full 0):
 garbage-first heap   total 61440K, used 27955K [0x0000000703600000, 0x0000000800000000)
  region size 2048K, 4 young (8192K), 1 survivors (2048K)
 Metaspace       used 29289K, committed 29696K, reserved 1114112K
  class space    used 3757K, committed 3968K, reserved 1048576K
}
Event: 12.004 GC heap after
{Heap after GC invocations=10 (full 0):
 garbage-first heap   total 61440K, used 26845K [0x0000000703600000, 0x0000000800000000)
  region size 2048K, 1 young (2048K), 1 survivors (2048K)
 Metaspace       used 29289K, committed 29696K, reserved 1114112K
  class space    used 3757K, committed 3968K, reserved 1048576K
}
Event: 12.822 GC heap before
{Heap before GC invocations=10 (full 0):
 garbage-first heap   total 61440K, used 45277K [0x0000000703600000, 0x0000000800000000)
  region size 2048K, 10 young (20480K), 1 survivors (2048K)
 Metaspace       used 29702K, committed 30080K, reserved 1114112K
  class space    used 3774K, committed 3968K, reserved 1048576K
}
Event: 12.823 GC heap after
{Heap after GC invocations=11 (full 0):
 garbage-first heap   total 161792K, used 28785K [0x0000000703600000, 0x0000000800000000)
  region size 2048K, 1 young (2048K), 1 survivors (2048K)
 Metaspace       used 29702K, committed 30080K, reserved 1114112K
  class space    used 3774K, committed 3968K, reserved 1048576K
}

