# JRE version: OpenJDK Runtime Environment Corretto-17.0.10.7.1 (17.0.10+7) (build 17.0.10+7-LTS)
# Java VM: OpenJDK 64-Bit Server VM Corretto-17.0.10.7.1 (17.0.10+7-LTS, mixed mode, sharing, tiered, compressed oops, compressed class ptrs, g1 gc, windows-amd64)
GC Precious Log:
 CPUs: 16 total, 16 available
 Memory: 16163M
 Large Page Support: Disabled
 NUMA Support: Disabled
 Compressed Oops: Enabled (Zero based)
 Heap Region Size: 2M
 Heap Min Capacity: 8M
 Heap Initial Capacity: 254M
 Heap Max Capacity: 4042M
 Pre-touch: Disabled
 Parallel Workers: 13
 Concurrent Workers: 3
 Concurrent Refinement Workers: 13
 Periodic GC: Disabled
Heap:
 garbage-first heap   total 157696K, used 121695K [0x0000000703600000, 0x0000000800000000)
  region size 2048K, 30 young (61440K), 1 survivors (2048K)
 Metaspace       used 30333K, committed 30720K, reserved 1114112K
  class space    used 3763K, committed 3968K, reserved 1048576K
GC Heap History (20 events):
Event: 2.630 GC heap before
{Heap before GC invocations=5 (full 0):
 garbage-first heap   total 55296K, used 17868K [0x0000000703600000, 0x0000000800000000)
  region size 2048K, 3 young (6144K), 2 survivors (4096K)
 Metaspace       used 25257K, committed 25600K, reserved 1114112K
  class space    used 3403K, committed 3584K, reserved 1048576K
}
Event: 2.632 GC heap after
{Heap after GC invocations=6 (full 0):
 garbage-first heap   total 55296K, used 19249K [0x0000000703600000, 0x0000000800000000)
  region size 2048K, 1 young (2048K), 1 survivors (2048K)
 Metaspace       used 25257K, committed 25600K, reserved 1114112K
  class space    used 3403K, committed 3584K, reserved 1048576K
}
Event: 3.168 GC heap before
{Heap before GC invocations=6 (full 0):
 garbage-first heap   total 55296K, used 35633K [0x0000000703600000, 0x0000000800000000)
  region size 2048K, 9 young (18432K), 1 survivors (2048K)
 Metaspace       used 27015K, committed 27392K, reserved 1114112K
  class space    used 3594K, committed 3776K, reserved 1048576K
}
Event: 3.170 GC heap after
{Heap after GC invocations=7 (full 0):
 garbage-first heap   total 55296K, used 20444K [0x0000000703600000, 0x0000000800000000)
  region size 2048K, 1 young (2048K), 1 survivors (2048K)
 Metaspace       used 27015K, committed 27392K, reserved 1114112K
  class space    used 3594K, committed 3776K, reserved 1048576K
}
Event: 3.562 GC heap before
{Heap before GC invocations=7 (full 0):
 garbage-first heap   total 55296K, used 34780K [0x0000000703600000, 0x0000000800000000)
  region size 2048K, 9 young (18432K), 1 survivors (2048K)
 Metaspace       used 27816K, committed 28096K, reserved 1114112K
  class space    used 3641K, committed 3776K, reserved 1048576K
}
Event: 3.563 GC heap after
{Heap after GC invocations=8 (full 0):
 garbage-first heap   total 55296K, used 22111K [0x0000000703600000, 0x0000000800000000)
  region size 2048K, 2 young (4096K), 2 survivors (4096K)
 Metaspace       used 27816K, committed 28096K, reserved 1114112K
  class space    used 3641K, committed 3776K, reserved 1048576K
}
Event: 3.926 GC heap before
{Heap before GC invocations=8 (full 0):
 garbage-first heap   total 55296K, used 36447K [0x0000000703600000, 0x0000000800000000)
  region size 2048K, 10 young (20480K), 2 survivors (4096K)
 Metaspace       used 28218K, committed 28544K, reserved 1114112K
  class space    used 3695K, committed 3840K, reserved 1048576K
}
Event: 3.928 GC heap after
{Heap after GC invocations=9 (full 0):
 garbage-first heap   total 55296K, used 21374K [0x0000000703600000, 0x0000000800000000)
  region size 2048K, 1 young (2048K), 1 survivors (2048K)
 Metaspace       used 28218K, committed 28544K, reserved 1114112K
  class space    used 3695K, committed 3840K, reserved 1048576K
}
Event: 4.360 GC heap before
{Heap before GC invocations=9 (full 0):
 garbage-first heap   total 55296K, used 37758K [0x0000000703600000, 0x0000000800000000)
  region size 2048K, 10 young (20480K), 1 survivors (2048K)
 Metaspace       used 28479K, committed 28800K, reserved 1114112K
  class space    used 3699K, committed 3840K, reserved 1048576K
}
Event: 4.362 GC heap after
{Heap after GC invocations=10 (full 0):
 garbage-first heap   total 55296K, used 26850K [0x0000000703600000, 0x0000000800000000)
  region size 2048K, 2 young (4096K), 2 survivors (4096K)
 Metaspace       used 28479K, committed 28800K, reserved 1114112K
  class space    used 3699K, committed 3840K, reserved 1048576K
}
Event: 4.556 GC heap before
{Heap before GC invocations=10 (full 0):
 garbage-first heap   total 55296K, used 35042K [0x0000000703600000, 0x0000000800000000)
  region size 2048K, 7 young (14336K), 2 survivors (4096K)
 Metaspace       used 28767K, committed 29120K, reserved 1114112K
  class space    used 3724K, committed 3904K, reserved 1048576K
}
Event: 4.557 GC heap after
{Heap after GC invocations=11 (full 0):
 garbage-first heap   total 55296K, used 24878K [0x0000000703600000, 0x0000000800000000)
  region size 2048K, 1 young (2048K), 1 survivors (2048K)
 Metaspace       used 28767K, committed 29120K, reserved 1114112K
  class space    used 3724K, committed 3904K, reserved 1048576K
}
Event: 4.964 GC heap before
{Heap before GC invocations=11 (full 0):
 garbage-first heap   total 55296K, used 35118K [0x0000000703600000, 0x0000000800000000)
  region size 2048K, 8 young (16384K), 1 survivors (2048K)
 Metaspace       used 28934K, committed 29312K, reserved 1114112K
  class space    used 3729K, committed 3904K, reserved 1048576K
}
Event: 4.965 GC heap after
{Heap after GC invocations=12 (full 0):
 garbage-first heap   total 55296K, used 26152K [0x0000000703600000, 0x0000000800000000)
  region size 2048K, 1 young (2048K), 1 survivors (2048K)
 Metaspace       used 28934K, committed 29312K, reserved 1114112K
  class space    used 3729K, committed 3904K, reserved 1048576K
}
Event: 5.141 GC heap before
{Heap before GC invocations=12 (full 0):
 garbage-first heap   total 55296K, used 30248K [0x0000000703600000, 0x0000000800000000)
  region size 2048K, 3 young (6144K), 1 survivors (2048K)
 Metaspace       used 29020K, committed 29440K, reserved 1114112K
  class space    used 3731K, committed 3968K, reserved 1048576K
}
Event: 5.142 GC heap after
{Heap after GC invocations=13 (full 0):
 garbage-first heap   total 55296K, used 28103K [0x0000000703600000, 0x0000000800000000)
  region size 2048K, 1 young (2048K), 1 survivors (2048K)
 Metaspace       used 29020K, committed 29440K, reserved 1114112K
  class space    used 3731K, committed 3968K, reserved 1048576K
}
Event: 5.567 GC heap before
{Heap before GC invocations=14 (full 0):
 garbage-first heap   total 55296K, used 36295K [0x0000000703600000, 0x0000000800000000)
  region size 2048K, 6 young (12288K), 1 survivors (2048K)
 Metaspace       used 29131K, committed 29568K, reserved 1114112K
  class space    used 3735K, committed 3968K, reserved 1048576K
}
Event: 5.568 GC heap after
{Heap after GC invocations=15 (full 0):
 garbage-first heap   total 157696K, used 27852K [0x0000000703600000, 0x0000000800000000)
  region size 2048K, 1 young (2048K), 1 survivors (2048K)
 Metaspace       used 29131K, committed 29568K, reserved 1114112K
  class space    used 3735K, committed 3968K, reserved 1048576K
}
Event: 6.034 GC heap before
{Heap before GC invocations=15 (full 0):
 garbage-first heap   total 157696K, used 29900K [0x0000000703600000, 0x0000000800000000)
  region size 2048K, 3 young (6144K), 1 survivors (2048K)
 Metaspace       used 29190K, committed 29632K, reserved 1114112K
  class space    used 3735K, committed 3968K, reserved 1048576K
}
Event: 6.037 GC heap after
{Heap after GC invocations=16 (full 0):
 garbage-first heap   total 157696K, used 25439K [0x0000000703600000, 0x0000000800000000)
  region size 2048K, 1 young (2048K), 1 survivors (2048K)
 Metaspace       used 29190K, committed 29632K, reserved 1114112K
  class space    used 3735K, committed 3968K, reserved 1048576K
}

