# JRE version: OpenJDK Runtime Environment Corretto-17.0.10.7.1 (17.0.10+7) (build 17.0.10+7-LTS)
# Java VM: OpenJDK 64-Bit Server VM Corretto-17.0.10.7.1 (17.0.10+7-LTS, mixed mode, sharing, tiered, compressed oops, compressed class ptrs, g1 gc, windows-amd64)
GC Precious Log:
 CPUs: 16 total, 16 available
 Memory: 16163M
 Large Page Support: Disabled
 NUMA Support: Disabled
 Compressed Oops: Enabled (Zero based)
 Heap Region Size: 2M
 Heap Min Capacity: 8M
 Heap Initial Capacity: 254M
 Heap Max Capacity: 4042M
 Pre-touch: Disabled
 Parallel Workers: 13
 Concurrent Workers: 3
 Concurrent Refinement Workers: 13
 Periodic GC: Disabled
Heap:
 garbage-first heap   total 96256K, used 46346K [0x0000000703600000, 0x0000000800000000)
  region size 2048K, 11 young (22528K), 2 survivors (4096K)
 Metaspace       used 30489K, committed 30912K, reserved 1114112K
  class space    used 3703K, committed 3904K, reserved 1048576K
GC Heap History (20 events):
Event: 2.351 GC heap before
{Heap before GC invocations=4 (full 0):
 garbage-first heap   total 69632K, used 41886K [0x0000000703600000, 0x0000000800000000)
  region size 2048K, 20 young (40960K), 5 survivors (10240K)
 Metaspace       used 25604K, committed 25920K, reserved 1114112K
  class space    used 3364K, committed 3520K, reserved 1048576K
}
Event: 2.357 GC heap after
{Heap after GC invocations=5 (full 0):
 garbage-first heap   total 69632K, used 18073K [0x0000000703600000, 0x0000000800000000)
  region size 2048K, 3 young (6144K), 3 survivors (6144K)
 Metaspace       used 25604K, committed 25920K, reserved 1114112K
  class space    used 3364K, committed 3520K, reserved 1048576K
}
Event: 2.412 GC heap before
{Heap before GC invocations=5 (full 0):
 garbage-first heap   total 69632K, used 20121K [0x0000000703600000, 0x0000000800000000)
  region size 2048K, 4 young (8192K), 3 survivors (6144K)
 Metaspace       used 26083K, committed 26496K, reserved 1114112K
  class space    used 3439K, committed 3648K, reserved 1048576K
}
Event: 2.414 GC heap after
{Heap after GC invocations=6 (full 0):
 garbage-first heap   total 69632K, used 19698K [0x0000000703600000, 0x0000000800000000)
  region size 2048K, 1 young (2048K), 1 survivors (2048K)
 Metaspace       used 26083K, committed 26496K, reserved 1114112K
  class space    used 3439K, committed 3648K, reserved 1048576K
}
Event: 3.106 GC heap before
{Heap before GC invocations=6 (full 0):
 garbage-first heap   total 69632K, used 42226K [0x0000000703600000, 0x0000000800000000)
  region size 2048K, 13 young (26624K), 1 survivors (2048K)
 Metaspace       used 27124K, committed 27520K, reserved 1114112K
  class space    used 3500K, committed 3712K, reserved 1048576K
}
Event: 3.108 GC heap after
{Heap after GC invocations=7 (full 0):
 garbage-first heap   total 69632K, used 21307K [0x0000000703600000, 0x0000000800000000)
  region size 2048K, 2 young (4096K), 2 survivors (4096K)
 Metaspace       used 27124K, committed 27520K, reserved 1114112K
  class space    used 3500K, committed 3712K, reserved 1048576K
}
Event: 5.722 GC heap before
{Heap before GC invocations=7 (full 0):
 garbage-first heap   total 69632K, used 43835K [0x0000000703600000, 0x0000000800000000)
  region size 2048K, 14 young (28672K), 2 survivors (4096K)
 Metaspace       used 28129K, committed 28544K, reserved 1114112K
  class space    used 3552K, committed 3776K, reserved 1048576K
}
Event: 5.724 GC heap after
{Heap after GC invocations=8 (full 0):
 garbage-first heap   total 69632K, used 21753K [0x0000000703600000, 0x0000000800000000)
  region size 2048K, 2 young (4096K), 2 survivors (4096K)
 Metaspace       used 28129K, committed 28544K, reserved 1114112K
  class space    used 3552K, committed 3776K, reserved 1048576K
}
Event: 8.905 GC heap before
{Heap before GC invocations=8 (full 0):
 garbage-first heap   total 69632K, used 46329K [0x0000000703600000, 0x0000000800000000)
  region size 2048K, 15 young (30720K), 2 survivors (4096K)
 Metaspace       used 29492K, committed 29888K, reserved 1114112K
  class space    used 3675K, committed 3840K, reserved 1048576K
}
Event: 8.908 GC heap after
{Heap after GC invocations=9 (full 0):
 garbage-first heap   total 69632K, used 23723K [0x0000000703600000, 0x0000000800000000)
  region size 2048K, 2 young (4096K), 2 survivors (4096K)
 Metaspace       used 29492K, committed 29888K, reserved 1114112K
  class space    used 3675K, committed 3840K, reserved 1048576K
}
Event: 9.688 GC heap before
{Heap before GC invocations=9 (full 0):
 garbage-first heap   total 69632K, used 46251K [0x0000000703600000, 0x0000000800000000)
  region size 2048K, 14 young (28672K), 2 survivors (4096K)
 Metaspace       used 29638K, committed 30016K, reserved 1114112K
  class space    used 3678K, committed 3840K, reserved 1048576K
}
Event: 9.690 GC heap after
{Heap after GC invocations=10 (full 0):
 garbage-first heap   total 69632K, used 23620K [0x0000000703600000, 0x0000000800000000)
  region size 2048K, 1 young (2048K), 1 survivors (2048K)
 Metaspace       used 29638K, committed 30016K, reserved 1114112K
  class space    used 3678K, committed 3840K, reserved 1048576K
}
Event: 12.111 GC heap before
{Heap before GC invocations=10 (full 0):
 garbage-first heap   total 69632K, used 48196K [0x0000000703600000, 0x0000000800000000)
  region size 2048K, 14 young (28672K), 1 survivors (2048K)
 Metaspace       used 29809K, committed 30208K, reserved 1114112K
  class space    used 3682K, committed 3840K, reserved 1048576K
}
Event: 12.112 GC heap after
{Heap after GC invocations=11 (full 0):
 garbage-first heap   total 69632K, used 26467K [0x0000000703600000, 0x0000000800000000)
  region size 2048K, 2 young (4096K), 2 survivors (4096K)
 Metaspace       used 29809K, committed 30208K, reserved 1114112K
  class space    used 3682K, committed 3840K, reserved 1048576K
}
Event: 12.857 GC heap before
{Heap before GC invocations=11 (full 0):
 garbage-first heap   total 69632K, used 48995K [0x0000000703600000, 0x0000000800000000)
  region size 2048K, 14 young (28672K), 2 survivors (4096K)
 Metaspace       used 29974K, committed 30336K, reserved 1114112K
  class space    used 3684K, committed 3840K, reserved 1048576K
}
Event: 12.859 GC heap after
{Heap after GC invocations=12 (full 0):
 garbage-first heap   total 69632K, used 24720K [0x0000000703600000, 0x0000000800000000)
  region size 2048K, 1 young (2048K), 1 survivors (2048K)
 Metaspace       used 29974K, committed 30336K, reserved 1114112K
  class space    used 3684K, committed 3840K, reserved 1048576K
}
Event: 12.914 GC heap before
{Heap before GC invocations=12 (full 0):
 garbage-first heap   total 69632K, used 32912K [0x0000000703600000, 0x0000000800000000)
  region size 2048K, 4 young (8192K), 1 survivors (2048K)
 Metaspace       used 29993K, committed 30336K, reserved 1114112K
  class space    used 3684K, committed 3840K, reserved 1048576K
}
Event: 12.915 GC heap after
{Heap after GC invocations=13 (full 0):
 garbage-first heap   total 69632K, used 27023K [0x0000000703600000, 0x0000000800000000)
  region size 2048K, 1 young (2048K), 1 survivors (2048K)
 Metaspace       used 29993K, committed 30336K, reserved 1114112K
  class space    used 3684K, committed 3840K, reserved 1048576K
}
Event: 14.678 GC heap before
{Heap before GC invocations=13 (full 0):
 garbage-first heap   total 69632K, used 53647K [0x0000000703600000, 0x0000000800000000)
  region size 2048K, 14 young (28672K), 1 survivors (2048K)
 Metaspace       used 30356K, committed 30784K, reserved 1114112K
  class space    used 3701K, committed 3904K, reserved 1048576K
}
Event: 14.679 GC heap after
{Heap after GC invocations=14 (full 0):
 garbage-first heap   total 96256K, used 29962K [0x0000000703600000, 0x0000000800000000)
  region size 2048K, 2 young (4096K), 2 survivors (4096K)
 Metaspace       used 30356K, committed 30784K, reserved 1114112K
  class space    used 3701K, committed 3904K, reserved 1048576K
}

