# JRE version: OpenJDK Runtime Environment Corretto-17.0.10.7.1 (17.0.10+7) (build 17.0.10+7-LTS)
# Java VM: OpenJDK 64-Bit Server VM Corretto-17.0.10.7.1 (17.0.10+7-LTS, mixed mode, sharing, tiered, compressed oops, compressed class ptrs, g1 gc, windows-amd64)
GC Precious Log:
 CPUs: 16 total, 16 available
 Memory: 16163M
 Large Page Support: Disabled
 NUMA Support: Disabled
 Compressed Oops: Enabled (Zero based)
 Heap Region Size: 2M
 Heap Min Capacity: 8M
 Heap Initial Capacity: 254M
 Heap Max Capacity: 4042M
 Pre-touch: Disabled
 Parallel Workers: 13
 Concurrent Workers: 3
 Concurrent Refinement Workers: 13
 Periodic GC: Disabled
Heap:
 garbage-first heap   total 69632K, used 28952K [0x0000000703600000, 0x0000000800000000)
  region size 2048K, 4 young (8192K), 2 survivors (4096K)
 Metaspace       used 29265K, committed 29696K, reserved 1114112K
  class space    used 3734K, committed 3968K, reserved 1048576K
GC Heap History (18 events):
Event: 0.359 GC heap before
{Heap before GC invocations=0 (full 0):
 garbage-first heap   total 260096K, used 22528K [0x0000000703600000, 0x0000000800000000)
  region size 2048K, 11 young (22528K), 0 survivors (0K)
 Metaspace       used 4879K, committed 5056K, reserved 1114112K
  class space    used 539K, committed 640K, reserved 1048576K
}
Event: 0.362 GC heap after
{Heap after GC invocations=1 (full 0):
 garbage-first heap   total 260096K, used 2810K [0x0000000703600000, 0x0000000800000000)
  region size 2048K, 2 young (4096K), 2 survivors (4096K)
 Metaspace       used 4879K, committed 5056K, reserved 1114112K
  class space    used 539K, committed 640K, reserved 1048576K
}
Event: 1.271 GC heap before
{Heap before GC invocations=1 (full 0):
 garbage-first heap   total 260096K, used 37626K [0x0000000703600000, 0x0000000800000000)
  region size 2048K, 20 young (40960K), 2 survivors (4096K)
 Metaspace       used 15756K, committed 16000K, reserved 1114112K
  class space    used 2066K, committed 2176K, reserved 1048576K
}
Event: 1.277 GC heap after
{Heap after GC invocations=2 (full 0):
 garbage-first heap   total 260096K, used 9236K [0x0000000703600000, 0x0000000800000000)
  region size 2048K, 3 young (6144K), 3 survivors (6144K)
 Metaspace       used 15756K, committed 16000K, reserved 1114112K
  class space    used 2066K, committed 2176K, reserved 1048576K
}
Event: 2.052 GC heap before
{Heap before GC invocations=2 (full 0):
 garbage-first heap   total 260096K, used 35860K [0x0000000703600000, 0x0000000800000000)
  region size 2048K, 16 young (32768K), 3 survivors (6144K)
 Metaspace       used 21229K, committed 21504K, reserved 1114112K
  class space    used 2968K, committed 3072K, reserved 1048576K
}
Event: 2.059 GC heap after
{Heap after GC invocations=3 (full 0):
 garbage-first heap   total 260096K, used 13531K [0x0000000703600000, 0x0000000800000000)
  region size 2048K, 5 young (10240K), 5 survivors (10240K)
 Metaspace       used 21229K, committed 21504K, reserved 1114112K
  class space    used 2968K, committed 3072K, reserved 1048576K
}
Event: 2.478 GC heap before
{Heap before GC invocations=4 (full 0):
 garbage-first heap   total 69632K, used 42203K [0x0000000703600000, 0x0000000800000000)
  region size 2048K, 20 young (40960K), 5 survivors (10240K)
 Metaspace       used 25872K, committed 26240K, reserved 1114112K
  class space    used 3477K, committed 3648K, reserved 1048576K
}
Event: 2.487 GC heap after
{Heap after GC invocations=5 (full 0):
 garbage-first heap   total 69632K, used 18805K [0x0000000703600000, 0x0000000800000000)
  region size 2048K, 3 young (6144K), 3 survivors (6144K)
 Metaspace       used 25872K, committed 26240K, reserved 1114112K
  class space    used 3477K, committed 3648K, reserved 1048576K
}
Event: 2.574 GC heap before
{Heap before GC invocations=5 (full 0):
 garbage-first heap   total 69632K, used 18805K [0x0000000703600000, 0x0000000800000000)
  region size 2048K, 5 young (10240K), 3 survivors (6144K)
 Metaspace       used 26157K, committed 26432K, reserved 1114112K
  class space    used 3521K, committed 3648K, reserved 1048576K
}
Event: 2.577 GC heap after
{Heap after GC invocations=6 (full 0):
 garbage-first heap   total 69632K, used 19148K [0x0000000703600000, 0x0000000800000000)
  region size 2048K, 1 young (2048K), 1 survivors (2048K)
 Metaspace       used 26157K, committed 26432K, reserved 1114112K
  class space    used 3521K, committed 3648K, reserved 1048576K
}
Event: 3.393 GC heap before
{Heap before GC invocations=6 (full 0):
 garbage-first heap   total 69632K, used 41676K [0x0000000703600000, 0x0000000800000000)
  region size 2048K, 13 young (26624K), 1 survivors (2048K)
 Metaspace       used 27411K, committed 27776K, reserved 1114112K
  class space    used 3594K, committed 3776K, reserved 1048576K
}
Event: 3.395 GC heap after
{Heap after GC invocations=7 (full 0):
 garbage-first heap   total 69632K, used 20911K [0x0000000703600000, 0x0000000800000000)
  region size 2048K, 2 young (4096K), 2 survivors (4096K)
 Metaspace       used 27411K, committed 27776K, reserved 1114112K
  class space    used 3594K, committed 3776K, reserved 1048576K
}
Event: 17.135 GC heap before
{Heap before GC invocations=7 (full 0):
 garbage-first heap   total 69632K, used 43439K [0x0000000703600000, 0x0000000800000000)
  region size 2048K, 14 young (28672K), 2 survivors (4096K)
 Metaspace       used 28223K, committed 28608K, reserved 1114112K
  class space    used 3655K, committed 3840K, reserved 1048576K
}
Event: 17.137 GC heap after
{Heap after GC invocations=8 (full 0):
 garbage-first heap   total 69632K, used 21339K [0x0000000703600000, 0x0000000800000000)
  region size 2048K, 2 young (4096K), 2 survivors (4096K)
 Metaspace       used 28223K, committed 28608K, reserved 1114112K
  class space    used 3655K, committed 3840K, reserved 1048576K
}
Event: 17.902 GC heap before
{Heap before GC invocations=8 (full 0):
 garbage-first heap   total 69632K, used 45915K [0x0000000703600000, 0x0000000800000000)
  region size 2048K, 15 young (30720K), 2 survivors (4096K)
 Metaspace       used 28823K, committed 29184K, reserved 1114112K
  class space    used 3714K, committed 3904K, reserved 1048576K
}
Event: 17.904 GC heap after
{Heap after GC invocations=9 (full 0):
 garbage-first heap   total 69632K, used 21959K [0x0000000703600000, 0x0000000800000000)
  region size 2048K, 1 young (2048K), 1 survivors (2048K)
 Metaspace       used 28823K, committed 29184K, reserved 1114112K
  class space    used 3714K, committed 3904K, reserved 1048576K
}
Event: 19.046 GC heap before
{Heap before GC invocations=9 (full 0):
 garbage-first heap   total 69632K, used 52679K [0x0000000703600000, 0x0000000800000000)
  region size 2048K, 15 young (30720K), 1 survivors (2048K)
 Metaspace       used 29186K, committed 29568K, reserved 1114112K
  class space    used 3726K, committed 3904K, reserved 1048576K
}
Event: 19.047 GC heap after
{Heap after GC invocations=10 (full 0):
 garbage-first heap   total 69632K, used 26904K [0x0000000703600000, 0x0000000800000000)
  region size 2048K, 2 young (4096K), 2 survivors (4096K)
 Metaspace       used 29186K, committed 29568K, reserved 1114112K
  class space    used 3726K, committed 3904K, reserved 1048576K
}

